<?xml version="1.0" encoding="UTF-8"?>
<testsuite xmlns:xsi="http://www.w3.org/2001/XMLSchema-instance" xsi:noNamespaceSchemaLocation="https://maven.apache.org/surefire/maven-surefire-plugin/xsd/surefire-test-report-3.0.xsd" version="3.0" name="com.example.Backend.BackendApplicationTests" time="4.946" tests="1" errors="0" skipped="0" failures="0">
  <properties>
[...]
</properties>
  <testcase name="contextLoads" classname="com.example.Backend.BackendApplicationTests" time="0.792">
    <system-out><![CDATA[14:08:54.603 [main] INFO org.springframework.test.context.support.AnnotationConfigContextLoaderUtils -- Could not detect default configuration classes for test class [com.example.Backend.BackendApplicationTests]: BackendApplicationTests does not declare any static, non-private, non-final, nested classes annotated with @Configuration.
14:08:54.706 [main] INFO org.springframework.boot.test.context.SpringBootTestContextBootstrapper -- Found @SpringBootConfiguration com.example.Backend.BackendApplication for test class com.example.Backend.BackendApplicationTests

  .   ____          _            __ _ _
 /\\ / ___'_ __ _ _(_)_ __  __ _ \ \ \ \
( ( )\___ | '_ | '_| | '_ \/ _` | \ \ \ \
 \\/  ___)| |_)| | | | | || (_| |  ) ) ) )
  '  |____| .__|_| |_|_| |_\__, | / / / /
 =========|_|==============|___/=/_/_/_/
 :: Spring Boot ::                (v3.2.0)

2024-08-29T14:08:55.088-04:00  INFO 36736 --- [           main] c.e.Backend.BackendApplicationTests      : Starting BackendApplicationTests using Java 17.0.9 with PID 36736 (started by Ransika in C:\Users\Ransika\Documents\GitHub\RRBackend)
2024-08-29T14:08:55.089-04:00  INFO 36736 --- [           main] c.e.Backend.BackendApplicationTests      : No active profile set, falling back to 1 default profile: "default"
2024-08-29T14:08:55.639-04:00  INFO 36736 --- [           main] .s.d.r.c.RepositoryConfigurationDelegate : Bootstrapping Spring Data MongoDB repositories in DEFAULT mode.
2024-08-29T14:08:55.759-04:00  INFO 36736 --- [           main] .s.d.r.c.RepositoryConfigurationDelegate : Finished Spring Data repository scanning in 117 ms. Found 4 MongoDB repository interfaces.
2024-08-29T14:08:56.591-04:00  INFO 36736 --- [ugi.mongodb.net] org.mongodb.driver.cluster               : Adding discovered server ac-jd91pec-shard-00-02.0wbbugi.mongodb.net:27017 to client view of cluster
2024-08-29T14:08:56.596-04:00  INFO 36736 --- [           main] org.mongodb.driver.client                : MongoClient with metadata {"driver": {"name": "mongo-java-driver|sync|spring-boot", "version": "4.11.1"}, "os": {"type": "Windows", "name": "Windows 10", "architecture": "amd64", "version": "10.0"}, "platform": "Java/Oracle Corporation/17.0.9+11-LTS-201"} created with settings MongoClientSettings{readPreference=primary, writeConcern=WriteConcern{w=majority, wTimeout=null ms, journal=null}, retryWrites=true, retryReads=true, readConcern=ReadConcern{level=null}, credential=MongoCredential{mechanism=null, userName='Akash', source='admin', password=<hidden>, mechanismProperties=<hidden>}, transportSettings=null, streamFactoryFactory=null, commandListeners=[], codecRegistry=ProvidersCodecRegistry{codecProviders=[ValueCodecProvider{}, BsonValueCodecProvider{}, DBRefCodecProvider{}, DBObjectCodecProvider{}, DocumentCodecProvider{}, CollectionCodecProvider{}, IterableCodecProvider{}, MapCodecProvider{}, GeoJsonCodecProvider{}, GridFSFileCodecProvider{}, Jsr310CodecProvider{}, JsonObjectCodecProvider{}, BsonCodecProvider{}, EnumCodecProvider{}, com.mongodb.client.model.mql.ExpressionCodecProvider@7a04f730, com.mongodb.Jep395RecordCodecProvider@3b11620a, com.mongodb.KotlinCodecProvider@2fd1ad8a]}, loggerSettings=LoggerSettings{maxDocumentLength=1000}, clusterSettings={hosts=[127.0.0.1:27017], srvHost=cluster0.0wbbugi.mongodb.net, srvServiceName=mongodb, mode=MULTIPLE, requiredClusterType=REPLICA_SET, requiredReplicaSetName='atlas-fh8inv-shard-0', serverSelector='null', clusterListeners='[]', serverSelectionTimeout='30000 ms', localThreshold='15 ms'}, socketSettings=SocketSettings{connectTimeoutMS=10000, readTimeoutMS=0, receiveBufferSize=0, proxySettings=ProxySettings{host=null, port=null, username=null, password=null}}, heartbeatSocketSettings=SocketSettings{connectTimeoutMS=10000, readTimeoutMS=10000, receiveBufferSize=0, proxySettings=ProxySettings{host=null, port=null, username=null, password=null}}, connectionPoolSettings=ConnectionPoolSettings{maxSize=100, minSize=0, maxWaitTimeMS=120000, maxConnectionLifeTimeMS=0, maxConnectionIdleTimeMS=0, maintenanceInitialDelayMS=0, maintenanceFrequencyMS=60000, connectionPoolListeners=[], maxConnecting=2}, serverSettings=ServerSettings{heartbeatFrequencyMS=10000, minHeartbeatFrequencyMS=500, serverListeners='[]', serverMonitorListeners='[]'}, sslSettings=SslSettings{enabled=true, invalidHostNameAllowed=false, context=null}, applicationName='null', compressorList=[], uuidRepresentation=JAVA_LEGACY, serverApi=null, autoEncryptionSettings=null, dnsClient=null, inetAddressResolver=null, contextProvider=null}
2024-08-29T14:08:56.623-04:00  INFO 36736 --- [ugi.mongodb.net] org.mongodb.driver.cluster               : Adding discovered server ac-jd91pec-shard-00-00.0wbbugi.mongodb.net:27017 to client view of cluster
2024-08-29T14:08:56.628-04:00  INFO 36736 --- [ugi.mongodb.net] org.mongodb.driver.cluster               : Adding discovered server ac-jd91pec-shard-00-01.0wbbugi.mongodb.net:27017 to client view of cluster
2024-08-29T14:08:57.141-04:00  INFO 36736 --- [ngodb.net:27017] org.mongodb.driver.cluster               : Monitor thread successfully connected to server with description ServerDescription{address=ac-jd91pec-shard-00-02.0wbbugi.mongodb.net:27017, type=REPLICA_SET_PRIMARY, state=CONNECTED, ok=true, minWireVersion=0, maxWireVersion=21, maxDocumentSize=16777216, logicalSessionTimeoutMinutes=30, roundTripTimeNanos=283906200, setName='atlas-fh8inv-shard-0', canonicalAddress=ac-jd91pec-shard-00-02.0wbbugi.mongodb.net:27017, hosts=[ac-jd91pec-shard-00-00.0wbbugi.mongodb.net:27017, ac-jd91pec-shard-00-01.0wbbugi.mongodb.net:27017, ac-jd91pec-shard-00-02.0wbbugi.mongodb.net:27017], passives=[], arbiters=[], primary='ac-jd91pec-shard-00-02.0wbbugi.mongodb.net:27017', tagSet=TagSet{[Tag{name='availabilityZone', value='use1-az6'}, Tag{name='diskState', value='READY'}, Tag{name='nodeType', value='ELECTABLE'}, Tag{name='provider', value='AWS'}, Tag{name='region', value='US_EAST_1'}, Tag{name='workloadType', value='OPERATIONAL'}]}, electionId=7fffffff0000000000000233, setVersion=97, topologyVersion=TopologyVersion{processId=66cfafa22abe266b5e132753, counter=9}, lastWriteDate=Thu Aug 29 14:08:57 EDT 2024, lastUpdateTimeNanos=662405595388800}
2024-08-29T14:08:57.141-04:00  INFO 36736 --- [ngodb.net:27017] org.mongodb.driver.cluster               : Monitor thread successfully connected to server with description ServerDescription{address=ac-jd91pec-shard-00-01.0wbbugi.mongodb.net:27017, type=REPLICA_SET_SECONDARY, state=CONNECTED, ok=true, minWireVersion=0, maxWireVersion=21, maxDocumentSize=16777216, logicalSessionTimeoutMinutes=30, roundTripTimeNanos=275499500, setName='atlas-fh8inv-shard-0', canonicalAddress=ac-jd91pec-shard-00-01.0wbbugi.mongodb.net:27017, hosts=[ac-jd91pec-shard-00-00.0wbbugi.mongodb.net:27017, ac-jd91pec-shard-00-01.0wbbugi.mongodb.net:27017, ac-jd91pec-shard-00-02.0wbbugi.mongodb.net:27017], passives=[], arbiters=[], primary='ac-jd91pec-shard-00-02.0wbbugi.mongodb.net:27017', tagSet=TagSet{[Tag{name='availabilityZone', value='use1-az4'}, Tag{name='diskState', value='READY'}, Tag{name='nodeType', value='ELECTABLE'}, Tag{name='provider', value='AWS'}, Tag{name='region', value='US_EAST_1'}, Tag{name='workloadType', value='OPERATIONAL'}]}, electionId=null, setVersion=97, topologyVersion=TopologyVersion{processId=66cfb327e39ab6fe7c05cce1, counter=5}, lastWriteDate=Thu Aug 29 14:08:57 EDT 2024, lastUpdateTimeNanos=662405595283400}
2024-08-29T14:08:57.141-04:00  INFO 36736 --- [ngodb.net:27017] org.mongodb.driver.cluster               : Monitor thread successfully connected to server with description ServerDescription{address=ac-jd91pec-shard-00-00.0wbbugi.mongodb.net:27017, type=REPLICA_SET_SECONDARY, state=CONNECTED, ok=true, minWireVersion=0, maxWireVersion=21, maxDocumentSize=16777216, logicalSessionTimeoutMinutes=30, roundTripTimeNanos=283767500, setName='atlas-fh8inv-shard-0', canonicalAddress=ac-jd91pec-shard-00-00.0wbbugi.mongodb.net:27017, hosts=[ac-jd91pec-shard-00-00.0wbbugi.mongodb.net:27017, ac-jd91pec-shard-00-01.0wbbugi.mongodb.net:27017, ac-jd91pec-shard-00-02.0wbbugi.mongodb.net:27017], passives=[], arbiters=[], primary='ac-jd91pec-shard-00-02.0wbbugi.mongodb.net:27017', tagSet=TagSet{[Tag{name='availabilityZone', value='use1-az2'}, Tag{name='diskState', value='READY'}, Tag{name='nodeType', value='ELECTABLE'}, Tag{name='provider', value='AWS'}, Tag{name='region', value='US_EAST_1'}, Tag{name='workloadType', value='OPERATIONAL'}]}, electionId=null, setVersion=97, topologyVersion=TopologyVersion{processId=66cfb1605dd65b5506f42fe6, counter=5}, lastWriteDate=Thu Aug 29 14:08:57 EDT 2024, lastUpdateTimeNanos=662405595249800}
2024-08-29T14:08:57.144-04:00  INFO 36736 --- [ngodb.net:27017] org.mongodb.driver.cluster               : Discovered replica set primary ac-jd91pec-shard-00-02.0wbbugi.mongodb.net:27017 with max election id 7fffffff0000000000000233 and max set version 97
2024-08-29T14:08:57.976-04:00  INFO 36736 --- [           main] o.s.s.web.DefaultSecurityFilterChain     : Will secure any request with [org.springframework.security.web.session.DisableEncodeUrlFilter@2558f65c, org.springframework.security.web.context.request.async.WebAsyncManagerIntegrationFilter@11c3ce6a, org.springframework.security.web.context.SecurityContextHolderFilter@15f861ee, org.springframework.security.web.header.HeaderWriterFilter@70d5d96b, org.springframework.web.filter.CorsFilter@1a3b1f7e, org.springframework.security.web.authentication.logout.LogoutFilter@338d47b, com.example.Backend.api.config.JwtAuthenticationFilter@22899683, org.springframework.security.web.savedrequest.RequestCacheAwareFilter@6463da36, org.springframework.security.web.servletapi.SecurityContextHolderAwareRequestFilter@1c6ac73c, org.springframework.security.web.authentication.AnonymousAuthenticationFilter@40017e98, org.springframework.security.web.session.SessionManagementFilter@4540c7, org.springframework.security.web.access.ExceptionTranslationFilter@5a6195b8]
2024-08-29T14:08:58.592-04:00  INFO 36736 --- [           main] c.e.Backend.BackendApplicationTests      : Started BackendApplicationTests in 3.735 seconds (process running for 4.585)
]]></system-out>
  </testcase>
</testsuite>